app/build/outputs/mapping/release/seeds.txt
com.mycompany.myngdroidapp.GameActivity
com.mycompany.myngdroidapp.GameActivity: GameActivity()
com.mycompany.myngdroidapp.R$anim: int abc_fade_in
com.mycompany.myngdroidapp.R$anim: int abc_fade_out
com.mycompany.myngdroidapp.R$anim: int abc_grow_fade_in_from_bottom
com.mycompany.myngdroidapp.R$anim: int abc_popup_enter
com.mycompany.myngdroidapp.R$anim: int abc_popup_exit
com.mycompany.myngdroidapp.R$anim: int abc_shrink_fade_out_from_bottom
com.mycompany.myngdroidapp.R$anim: int abc_slide_in_bottom
com.mycompany.myngdroidapp.R$anim: int abc_slide_in_top
com.mycompany.myngdroidapp.R$anim: int abc_slide_out_bottom
com.mycompany.myngdroidapp.R$anim: int abc_slide_out_top
com.mycompany.myngdroidapp.R$anim: int abc_tooltip_enter
com.mycompany.myngdroidapp.R$anim: int abc_tooltip_exit
com.mycompany.myngdroidapp.R$attr: int actionBarDivider
com.mycompany.myngdroidapp.R$attr: int actionBarItemBackground
com.mycompany.myngdroidapp.R$attr: int actionBarPopupTheme
com.mycompany.myngdroidapp.R$attr: int actionBarSize
com.mycompany.myngdroidapp.R$attr: int actionBarSplitStyle
com.mycompany.myngdroidapp.R$attr: int actionBarStyle
com.mycompany.myngdroidapp.R$attr: int actionBarTabBarStyle
com.mycompany.myngdroidapp.R$attr: int actionBarTabStyle
com.mycompany.myngdroidapp.R$attr: int actionBarTabTextStyle
com.mycompany.myngdroidapp.R$attr: int actionBarTheme
com.mycompany.myngdroidapp.R$attr: int actionBarWidgetTheme
com.mycompany.myngdroidapp.R$attr: int actionButtonStyle
com.mycompany.myngdroidapp.R$attr: int actionDropDownStyle
com.mycompany.myngdroidapp.R$attr: int actionLayout
com.mycompany.myngdroidapp.R$attr: int actionMenuTextAppearance
com.mycompany.myngdroidapp.R$attr: int actionMenuTextColor
com.mycompany.myngdroidapp.R$attr: int actionModeBackground
com.mycompany.myngdroidapp.R$attr: int actionModeCloseButtonStyle
com.mycompany.myngdroidapp.R$attr: int actionModeCloseDrawable
com.mycompany.myngdroidapp.R$attr: int actionModeCopyDrawable
com.mycompany.myngdroidapp.R$attr: int actionModeCutDrawable
com.mycompany.myngdroidapp.R$attr: int actionModeFindDrawable
com.mycompany.myngdroidapp.R$attr: int actionModePasteDrawable
com.mycompany.myngdroidapp.R$attr: int actionModePopupWindowStyle
com.mycompany.myngdroidapp.R$attr: int actionModeSelectAllDrawable
com.mycompany.myngdroidapp.R$bool: int abc_action_bar_embed_tabs
com.mycompany.myngdroidapp.R$bool: int abc_allow_stacked_button_bar
com.mycompany.myngdroidapp.R$bool: int abc_config_actionMenuItemAllCaps
com.mycompany.myngdroidapp.R$color: int abc_background_cache_hint_selector_material_dark
com.mycompany.myngdroidapp.R$color: int abc_background_cache_hint_selector_material_light
com.mycompany.myngdroidapp.R$color: int abc_btn_colored_borderless_text_material
com.mycompany.myngdroidapp.R$color: int abc_btn_colored_text_material
com.mycompany.myngdroidapp.R$color: int abc_color_highlight_material
com.mycompany.myngdroidapp.R$color: int abc_hint_foreground_material_dark
com.mycompany.myngdroidapp.R$color: int abc_hint_foreground_material_light
com.mycompany.myngdroidapp.R$color: int abc_input_method_navigation_guard
com.mycompany.myngdroidapp.R$color: int abc_primary_text_disable_only_material_dark
com.mycompany.myngdroidapp.R$color: int abc_primary_text_disable_only_material_light
com.mycompany.myngdroidapp.R$color: int abc_primary_text_material_dark
com.mycompany.myngdroidapp.R$color: int abc_primary_text_material_light
com.mycompany.myngdroidapp.R$color: int abc_search_url_text
com.mycompany.myngdroidapp.R$color: int abc_search_url_text_normal
com.mycompany.myngdroidapp.R$color: int abc_search_url_text_pressed
com.mycompany.myngdroidapp.R$color: int abc_search_url_text_selected
com.mycompany.myngdroidapp.R$color: int abc_secondary_text_material_dark
com.mycompany.myngdroidapp.R$color: int abc_secondary_text_material_light
com.mycompany.myngdroidapp.R$color: int abc_tint_btn_checkable
com.mycompany.myngdroidapp.R$color: int abc_tint_default
...
android.support.slidingpanelayout.R$layout: int notification_action
android.support.slidingpanelayout.R$layout: int notification_action_tombstone
android.support.slidingpanelayout.R$layout: int notification_template_custom_big
android.support.slidingpanelayout.R$layout: int notification_template_icon_group
android.support.slidingpanelayout.R$layout: int notification_template_part_chronometer
android.support.slidingpanelayout.R$layout: int notification_template_part_time
android.support.slidingpanelayout.R$string: int status_bar_notification_info_overflow
android.support.slidingpanelayout.R$style: int TextAppearance_Compat_Notification
android.support.slidingpanelayout.R$style: int TextAppearance_Compat_Notification_Info
android.support.slidingpanelayout.R$style: int TextAppearance_Compat_Notification_Line2
android.support.slidingpanelayout.R$style: int TextAppearance_Compat_Notification_Time
android.support.slidingpanelayout.R$style: int TextAppearance_Compat_Notification_Title
android.support.slidingpanelayout.R$style: int Widget_Compat_NotificationActionContainer
android.support.slidingpanelayout.R$style: int Widget_Compat_NotificationActionText
android.support.slidingpanelayout.R$styleable: int[] ColorStateListItem
android.support.slidingpanelayout.R$styleable: int ColorStateListItem_android_color
android.support.slidingpanelayout.R$styleable: int ColorStateListItem_android_alpha
android.support.slidingpanelayout.R$styleable: int ColorStateListItem_alpha
android.support.slidingpanelayout.R$styleable: int[] FontFamily
android.support.slidingpanelayout.R$styleable: int FontFamily_fontProviderAuthority
android.support.slidingpanelayout.R$styleable: int FontFamily_fontProviderCerts
android.support.slidingpanelayout.R$styleable: int FontFamily_fontProviderFetchStrategy
android.support.slidingpanelayout.R$styleable: int FontFamily_fontProviderFetchTimeout
android.support.slidingpanelayout.R$styleable: int FontFamily_fontProviderPackage
android.support.slidingpanelayout.R$styleable: int FontFamily_fontProviderQuery
android.support.slidingpanelayout.R$styleable: int[] FontFamilyFont
android.support.slidingpanelayout.R$styleable: int FontFamilyFont_android_font
android.support.slidingpanelayout.R$styleable: int FontFamilyFont_android_fontWeight
android.support.slidingpanelayout.R$styleable: int FontFamilyFont_android_fontStyle
android.support.slidingpanelayout.R$styleable: int FontFamilyFont_android_ttcIndex
android.support.slidingpanelayout.R$styleable: int FontFamilyFont_android_fontVariationSettings
android.support.slidingpanelayout.R$styleable: int FontFamilyFont_font
android.support.swiperefreshlayout.R$attr: int alpha
android.support.swiperefreshlayout.R$attr: int font
android.support.swiperefreshlayout.R$attr: int fontProviderAuthority
android.support.swiperefreshlayout.R$attr: int fontProviderCerts
android.support.swiperefreshlayout.R$attr: int fontProviderFetchStrategy
android.support.swiperefreshlayout.R$attr: int fontProviderFetchTimeout
android.support.swiperefreshlayout.R$attr: int fontProviderPackage
android.support.swiperefreshlayout.R$attr: int fontProviderQuery
android.support.swiperefreshlayout.R$attr: int fontStyle
android.support.swiperefreshlayout.R$attr: int fontVariationSettings
android.support.swiperefreshlayout.R$attr: int fontWeight
android.support.swiperefreshlayout.R$attr: int ttcIndex
android.support.swiperefreshlayout.R$color: int notification_action_color_filter
android.support.swiperefreshlayout.R$color: int notification_icon_bg_color
android.support.swiperefreshlayout.R$color: int ripple_material_light
android.support.swiperefreshlayout.R$color: int secondary_text_default_material_light