app/build/outputs/mapping/release/mapping.txt
com.mycompany.myngdroidapp.GameActivity -> com.mycompany.myngdroidapp.GameActivity:
    java.lang.String TAG -> b
    void <init>() -> <init>
    void onCreate(android.os.Bundle) -> onCreate
    void onActivityResult(int,int,android.content.Intent) -> onActivityResult
    void <clinit>() -> <clinit>
...
android.support.v4.graphics.drawable.WrappedDrawableApi14$DrawableWrapperState -> android.support.v4.graphics.drawable.d$a:
    int mChangingConfigurations -> a
    android.graphics.drawable.Drawable$ConstantState mDrawableState -> b
    android.content.res.ColorStateList mTint -> c
    android.graphics.PorterDuff$Mode mTintMode -> d
    void <init>(android.support.v4.graphics.drawable.WrappedDrawableApi14$DrawableWrapperState,android.content.res.Resources) -> <init>
    android.graphics.drawable.Drawable newDrawable() -> newDrawable
    android.graphics.drawable.Drawable newDrawable(android.content.res.Resources) -> newDrawable
    int getChangingConfigurations() -> getChangingConfigurations
    boolean canConstantState() -> a
android.support.v4.graphics.drawable.WrappedDrawableApi14$DrawableWrapperStateBase -> android.support.v4.graphics.drawable.d$b:
    void <init>(android.support.v4.graphics.drawable.WrappedDrawableApi14$DrawableWrapperState,android.content.res.Resources) -> <init>
    android.graphics.drawable.Drawable newDrawable(android.content.res.Resources) -> newDrawable
android.support.v4.graphics.drawable.WrappedDrawableApi21 -> android.support.v4.graphics.drawable.e:
    java.lang.reflect.Method sIsProjectedDrawableMethod -> d
    void <init>(android.graphics.drawable.Drawable) -> <init>
    void <init>(android.support.v4.graphics.drawable.WrappedDrawableApi14$DrawableWrapperState,android.content.res.Resources) -> <init>
    void setHotspot(float,float) -> setHotspot
    void setHotspotBounds(int,int,int,int) -> setHotspotBounds
    void getOutline(android.graphics.Outline) -> getOutline
    android.graphics.Rect getDirtyBounds() -> getDirtyBounds
    void setTintList(android.content.res.ColorStateList) -> setTintList
    void setTint(int) -> setTint
    void setTintMode(android.graphics.PorterDuff$Mode) -> setTintMode
    boolean setState(int[]) -> setState
    boolean isCompatTintEnabled() -> c
    android.support.v4.graphics.drawable.WrappedDrawableApi14$DrawableWrapperState mutateConstantState() -> b
    void findAndCacheIsProjectedDrawableMethod() -> d
android.support.v4.graphics.drawable.WrappedDrawableApi21$DrawableWrapperStateLollipop -> android.support.v4.graphics.drawable.e$a:
    void <init>(android.support.v4.graphics.drawable.WrappedDrawableApi14$DrawableWrapperState,android.content.res.Resources) -> <init>
    android.graphics.drawable.Drawable newDrawable(android.content.res.Resources) -> newDrawable
android.support.v4.internal.view.SupportMenu -> android.support.v4.b.a.a:
android.support.v4.internal.view.SupportMenuItem -> android.support.v4.b.a.b:
    void setShowAsAction(int) -> setShowAsAction
    android.view.MenuItem setShowAsActionFlags(int) -> setShowAsActionFlags
    android.view.MenuItem setActionView(android.view.View) -> setActionView
    android.view.MenuItem setActionView(int) -> setActionView
    android.view.View getActionView() -> getActionView
    android.support.v4.internal.view.SupportMenuItem setSupportActionProvider(android.support.v4.view.ActionProvider) -> a
    android.support.v4.view.ActionProvider getSupportActionProvider() -> a
    boolean expandActionView() -> expandActionView
    boolean collapseActionView() -> collapseActionView
    boolean isActionViewExpanded() -> isActionViewExpanded
    android.support.v4.internal.view.SupportMenuItem setContentDescription(java.lang.CharSequence) -> a
    java.lang.CharSequence getContentDescription() -> getContentDescription
    android.support.v4.internal.view.SupportMenuItem setTooltipText(java.lang.CharSequence) -> b
    java.lang.CharSequence getTooltipText() -> getTooltipText
    android.view.MenuItem setShortcut(char,char,int,int) -> setShortcut
    android.view.MenuItem setNumericShortcut(char,int) -> setNumericShortcut
    int getNumericModifiers() -> getNumericModifiers
    android.view.MenuItem setAlphabeticShortcut(char,int) -> setAlphabeticShortcut
    int getAlphabeticModifiers() -> getAlphabeticModifiers