app/build/outputs/mapping/release/usage.txt
com.mycompany.myngdroidapp.BuildConfig
com.mycompany.myngdroidapp.R
com.mycompany.myngdroidapp.R$anim
com.mycompany.myngdroidapp.R$attr
com.mycompany.myngdroidapp.R$bool
com.mycompany.myngdroidapp.R$color
com.mycompany.myngdroidapp.R$dimen
com.mycompany.myngdroidapp.R$drawable
com.mycompany.myngdroidapp.R$id
com.mycompany.myngdroidapp.R$integer
com.mycompany.myngdroidapp.R$layout
com.mycompany.myngdroidapp.R$mipmap
com.mycompany.myngdroidapp.R$string
com.mycompany.myngdroidapp.R$style
com.mycompany.myngdroidapp.R$styleable
...
android.support.v4.widget.DrawerLayout$ChildAccessibilityDelegate
android.support.v4.widget.DrawerLayout$DrawerListener
android.support.v4.widget.DrawerLayout$LayoutParams
android.support.v4.widget.DrawerLayout$SavedState
android.support.v4.widget.DrawerLayout$SavedState$1
android.support.v4.widget.DrawerLayout$SimpleDrawerListener
android.support.v4.widget.DrawerLayout$ViewDragCallback
android.support.v4.widget.DrawerLayout$ViewDragCallback$1
android.support.v4.widget.EdgeEffectCompat:
    private android.widget.EdgeEffect mEdgeEffect
    47:49:public EdgeEffectCompat(android.content.Context)
    61:62:public void setSize(int,int)
    75:75:public boolean isFinished()
    86:87:public void finish()
    104:105:public boolean onPull(float)
    129:130:public boolean onPull(float,float)
    171:172:public boolean onRelease()
    190:191:public boolean onAbsorb(int)
    208:208:public boolean draw(android.graphics.Canvas)
android.support.v4.widget.ExploreByTouchHelper
android.support.v4.widget.ExploreByTouchHelper$1
android.support.v4.widget.ExploreByTouchHelper$2
android.support.v4.widget.ExploreByTouchHelper$MyNodeProvider
android.support.v4.widget.FocusStrategy
android.support.v4.widget.FocusStrategy$BoundsAdapter
android.support.v4.widget.FocusStrategy$CollectionAdapter
android.support.v4.widget.FocusStrategy$SequentialComparator
android.support.v4.widget.ImageViewCompat:
    111:111:private ImageViewCompat()
android.support.v4.widget.ListPopupWindowCompat
android.support.v4.widget.ListViewCompat:
    67:85:public static boolean canScrollList(android.widget.ListView,int)
    90:90:private ListViewCompat()
android.support.v4.widget.NestedScrollView:
    static final int ANIMATED_SCROLL_GAP
    static final float MAX_SCROLL_FACTOR
    private static final java.lang.String TAG
    private static final int INVALID_POINTER
    512:512:public boolean isFillViewport()
    534:534:public boolean isSmoothScrollingEnabled()
android.support.v4.widget.PopupMenuCompat
android.support.v4.widget.PopupWindowCompat:
    private static final java.lang.String TAG
    private static java.lang.reflect.Method sGetWindowLayoutTypeMethod
    private static boolean sGetWindowLayoutTypeMethodAttempted
    46:48:private PopupWindowCompat()
    119:140:public static boolean getOverlapAnchor(android.widget.PopupWindow)
    183:204:public static int getWindowLayoutType(android.widget.PopupWindow)
android.support.v4.widget.ResourceCursorAdapter:
    54:57:public ResourceCursorAdapter(android.content.Context,int,android.database.Cursor)
    99:102:public ResourceCursorAdapter(android.content.Context,int,android.database.Cursor,int)
    126:127:public void setViewResource(int)
    135:136:public void setDropDownViewResource(int)
android.support.v4.widget.ScrollerCompat
android.support.v4.widget.SimpleCursorAdapter
android.support.v4.widget.SimpleCursorAdapter$CursorToStringConverter
android.support.v4.widget.SimpleCursorAdapter$ViewBinder
android.support.v4.widget.SlidingPaneLayout
android.support.v4.widget.SlidingPaneLayout$AccessibilityDelegate
android.support.v4.widget.SlidingPaneLayout$DisableLayerRunnable
android.support.v4.widget.SlidingPaneLayout$DragHelperCallback
android.support.v4.widget.SlidingPaneLayout$LayoutParams
android.support.v4.widget.SlidingPaneLayout$PanelSlideListener
android.support.v4.widget.SlidingPaneLayout$SavedState
android.support.v4.widget.SlidingPaneLayout$SavedState$1
android.support.v4.widget.SlidingPaneLayout$SimplePanelSlideListener
android.support.v4.widget.Space
android.support.v4.widget.SwipeRefreshLayout
android.support.v4.widget.SwipeRefreshLayout$1
android.support.v4.widget.SwipeRefreshLayout$2
android.support.v4.widget.SwipeRefreshLayout$3
android.support.v4.widget.SwipeRefreshLayout$4
android.support.v4.widget.SwipeRefreshLayout$5
android.support.v4.widget.SwipeRefreshLayout$6
android.support.v4.widget.SwipeRefreshLayout$7
android.support.v4.widget.SwipeRefreshLayout$8